#
# A fatal error has been detected by the Java Runtime Environment:
#
#  SIGSEGV (0xb) at pc=0x00007f639a065f66, pid=17870, tid=17883
#
# JRE version: OpenJDK Runtime Environment (11.0.7+10) (build 11.0.7+10-post-Ubuntu-2ubuntu219.10)
# Java VM: OpenJDK 64-Bit Server VM (11.0.7+10-post-Ubuntu-2ubuntu219.10, mixed mode, sharing, tiered, compressed oops, g1 gc, linux-amd64)
# Problematic frame:
# V  [libjvm.so+0xb18f66]
#
# Core dump will be written. Default location: Core dumps may be processed with "/usr/share/apport/apport %p %s %c %d %P %E" (or dumping to /home/myduyen/Documents/HK2/DataWareHouse/Download/core.17870)
#
# If you would like to submit a bug report, please visit:
#   https://bugs.launchpad.net/ubuntu/+source/openjdk-lts
#

---------------  S U M M A R Y ------------

Command Line: -agentlib:jdwp=transport=dt_socket,suspend=y,address=localhost:41463 -javaagent:/home/myduyen/.eclipse/360744286_linux_gtk_x86_64/configuration/org.eclipse.osgi/222/0/.cp/lib/javaagent-shaded.jar -Dfile.encoding=UTF-8 myduyen.Download.HTTPRequest

Host: Intel(R) Core(TM) i7-4702HQ CPU @ 2.20GHz, 8 cores, 7G, Ubuntu 19.10
Time: Sun Jun 14 16:47:55 2020 +07 elapsed time: 2200 seconds (0d 0h 36m 40s)

---------------  T H R E A D  ---------------

Current thread (0x00007f6394186000):  VMThread "VM Thread" [stack: 0x00007f636cdf5000,0x00007f636cef5000] [id=17883]

Stack: [0x00007f636cdf5000,0x00007f636cef5000],  sp=0x00007f636cef3830,  free space=1018k
Native frames: (J=compiled Java code, A=aot compiled Java code, j=interpreted, Vv=VM code, C=native code)
V  [libjvm.so+0xb18f66]
V  [libjvm.so+0xd1cbe3]
V  [libjvm.so+0xb05c4b]
V  [libjvm.so+0x9c848c]
V  [libjvm.so+0xd8ee50]
V  [libjvm.so+0xd94c87]
V  [libjvm.so+0xd952c0]
V  [libjvm.so+0xd95626]
V  [libjvm.so+0xd1e7f0]
V  [libjvm.so+0xb8e7b6]


siginfo: si_signo: 11 (SIGSEGV), si_code: 128 (SI_KERNEL), si_addr: 0x0000000000000000

Register to memory mapping:

RAX=0x5441fb0400010006 is an unknown value
RBX=0x00007f639429b000 points into unknown readable memory: 00 70 01 94 63 7f 00 00
RCX=0x0000000000000005 is an unknown value
RDX=0x0000000000000240 is an unknown value
RSP=0x00007f636cef3830 points into unknown readable memory: 01 00 00 00 00 00 00 00
RBP=0x00007f636cef3850 points into unknown readable memory: a0 38 ef 6c 63 7f 00 00
RSI=0x0000000000000001 is an unknown value
RDI=0x00007f633c008ff0 points into unknown readable memory: 06 00 01 00 04 fb 41 54
R8 =0x0 is NULL
R9 =0x00007f636cef3a38 points into unknown readable memory: 70 c9 df 4b 63 7f 00 00
R10=0x00007f636cef3a30 points into unknown readable memory: 9c 38 00 00 00 00 00 00
R11=0x000000000000389c is an unknown value
R12={method} {0x00007f636d34a1b0} '
[error occurred during error reporting (printing register info), id 0xb, SIGSEGV (0xb) at pc=0x00007f639a228e34]

Registers:
RAX=0x5441fb0400010006, RBX=0x00007f639429b000, RCX=0x0000000000000005, RDX=0x0000000000000240
RSP=0x00007f636cef3830, RBP=0x00007f636cef3850, RSI=0x0000000000000001, RDI=0x00007f633c008ff0
R8 =0x0000000000000000, R9 =0x00007f636cef3a38, R10=0x00007f636cef3a30, R11=0x000000000000389c
R12=0x00007f636d34a1b0, R13=0x0000000000000001, R14=0x00007f6394017000, R15=0x00007f639429b060
RIP=0x00007f639a065f66, EFLAGS=0x0000000000010206, CSGSFS=0x002b000000000033, ERR=0x0000000000000000
  TRAPNO=0x000000000000000d

Top of Stack: (sp=0x00007f636cef3830)
0x00007f636cef3830:   0000000000000001 00007f639429b000
0x00007f636cef3840:   0000000000000001 00007f639a052f30
0x00007f636cef3850:   00007f636cef38a0 00007f639a269be3
0x00007f636cef3860:   00007f636cef3970 0000000000000240 

Instructions: (pc=0x00007f639a065f66)
0x00007f639a065e66:   8d 0d 04 9f ff ff 48 8d 15 13 60 35 00 48 89 e5
0x00007f639a065e76:   41 54 49 89 f4 53 48 8b 07 48 89 fb 48 8b 40 40
0x00007f639a065e86:   48 39 c8 0f 85 a1 00 00 00 4c 89 e7 31 c0 48 8d
0x00007f639a065e96:   35 8b ce 32 00 e8 60 14 08 00 4c 89 e6 48 89 df
0x00007f639a065ea6:   e8 25 41 8b ff 4c 89 e7 48 8d 35 16 02 31 00 31
0x00007f639a065eb6:   c0 e8 44 14 08 00 48 8b 43 08 4c 89 e6 0f b7 50
0x00007f639a065ec6:   2a 48 8b 40 08 48 8b 7c d0 40 e8 2b 2f 1c 00 4c
0x00007f639a065ed6:   89 e7 48 8d 35 ec 01 31 00 31 c0 e8 1a 14 08 00
0x00007f639a065ee6:   48 8b 43 08 4c 89 e6 0f b7 50 2c 48 8b 40 08 48
0x00007f639a065ef6:   8b 7c d0 40 e8 01 2f 1c 00 4c 89 e7 48 8d 35 af
0x00007f639a065f06:   19 31 00 31 c0 e8 f0 13 08 00 48 8b 43 08 4c 89
0x00007f639a065f16:   e6 5b 41 5c 5d 48 8b 40 08 48 8b 78 18 48 8b 07
0x00007f639a065f26:   48 8b 40 58 ff e0 0f 1f 40 00 ff d0 48 89 c2 e9
0x00007f639a065f36:   55 ff ff ff 66 0f 1f 44 00 00 f3 0f 1e fa 55 48
0x00007f639a065f46:   89 e5 41 55 41 89 f5 40 0f b6 f6 41 54 49 89 fc
0x00007f639a065f56:   53 48 83 ec 08 48 8b 47 08 48 8b 78 08 48 8b 07
0x00007f639a065f66:   ff 50 68 49 8b 04 24 48 8d 15 3c 9c ce ff 48 8b
0x00007f639a065f76:   40 60 48 39 d0 75 53 41 8b 44 24 20 c1 e8 13 89
0x00007f639a065f86:   c3 83 e3 01 49 8d 7c 24 20 be 00 00 08 00 45 84
0x00007f639a065f96:   ed 74 1f e8 32 43 77 ff 84 db 75 3e 48 83 c4 08
0x00007f639a065fa6:   4c 89 e7 5b 41 5c 41 5d 5d e9 9c ce fe ff 0f 1f
0x00007f639a065fb6:   40 00 48 83 c4 08 5b 41 5c 41 5d 5d e9 29 43 77
0x00007f639a065fc6:   ff 66 0f 1f 84 00 00 00 00 00 4c 89 e7 ff d0 89
0x00007f639a065fd6:   c3 eb b1 0f 1f 80 00 00 00 00 48 83 c4 08 5b 41
0x00007f639a065fe6:   5c 41 5d 5d c3 90 0f 1f 40 00 f3 0f 1e fa 55 48
0x00007f639a065ff6:   89 e5 41 57 41 56 41 55 41 54 49 89 f4 53 48 89
0x00007f639a066006:   fb 48 83 ec 08 4c 8b 6f 08 4d 85 ed 74 24 4c 89
0x00007f639a066016:   ef 45 8b 75 20 e8 70 e7 b0 ff 4c 89 e7 e8 d8 d1
0x00007f639a066026:   a6 ff 49 63 d6 31 c9 4c 89 ee 48 89 c7 e8 a8 f4
0x00007f639a066036:   fe ff 4c 8b 73 10 48 c7 43 08 00 00 00 00 4d 85
0x00007f639a066046:   f6 74 55 49 8b 06 48 8d 15 4d 70 00 00 48 8b 40
0x00007f639a066056:   30 48 39 d0 0f 85 c0 00 00 00 41 8b 46 10 44 8d 


Stack slot to memory mapping:
stack at sp + 0 slots: 0x0000000000000001 is an unknown value
stack at sp + 1 slots: 0x00007f639429b000 points into unknown readable memory: 00 70 01 94 63 7f 00 00
stack at sp + 2 slots: 0x0000000000000001 is an unknown value
stack at sp + 3 slots: 0x00007f639a052f30: <offset 0x0000000000b05f30> in /usr/lib/jvm/java-11-openjdk-amd64/lib/server/libjvm.so at 0x00007f639954d000
stack at sp + 4 slots: 0x00007f636cef38a0 points into unknown readable memory: c0 38 ef 6c 63 7f 00 00
stack at sp + 5 slots: 0x00007f639a269be3: <offset 0x0000000000d1cbe3> in /usr/lib/jvm/java-11-openjdk-amd64/lib/server/libjvm.so at 0x00007f639954d000
stack at sp + 6 slots: 0x00007f636cef3970 points into unknown readable memory: 20 3b ef 6c 63 7f 00 00
stack at sp + 7 slots: 0x0000000000000240 is an unknown value

VM_Operation (0x00007f634bdfc970): RedefineClasses, mode: safepoint, requested by thread 0x00007f63941e6800


---------------  P R O C E S S  ---------------

Threads class SMR info:
_java_thread_list=0x00007f639429afd0, length=12, elements={
0x00007f6394017000, 0x00007f6394189000, 0x00007f639418b000, 0x00007f6394191800,
0x00007f6394193800, 0x00007f6394196000, 0x00007f6394198000, 0x00007f63941a5800,
0x00007f63941e6800, 0x00007f63941ea000, 0x00007f633c001800, 0x00007f639429a000
}

Java Threads: ( => current thread )
  0x00007f6394017000 JavaThread "main" [_thread_blocked, id=17877, stack(0x00007f63990f5000,0x00007f63991f6000)]
  0x00007f6394189000 JavaThread "Reference Handler" daemon [_thread_blocked, id=17884, stack(0x00007f636ccf2000,0x00007f636cdf3000)]
  0x00007f639418b000 JavaThread "Finalizer" daemon [_thread_blocked, id=17885, stack(0x00007f636cbf1000,0x00007f636ccf2000)]
  0x00007f6394191800 JavaThread "Signal Dispatcher" daemon [_thread_blocked, id=17886, stack(0x00007f636c2b4000,0x00007f636c3b5000)]
  0x00007f6394193800 JavaThread "C2 CompilerThread0" daemon [_thread_blocked, id=17887, stack(0x00007f636c1b3000,0x00007f636c2b4000)]
  0x00007f6394196000 JavaThread "C1 CompilerThread0" daemon [_thread_blocked, id=17888, stack(0x00007f636c0b2000,0x00007f636c1b3000)]
  0x00007f6394198000 JavaThread "Sweeper thread" daemon [_thread_blocked, id=17889, stack(0x00007f634beff000,0x00007f634c000000)]
  0x00007f63941a5800 JavaThread "Common-Cleaner" daemon [_thread_blocked, id=17890, stack(0x00007f634bdfe000,0x00007f634beff000)]
  0x00007f63941e6800 JavaThread "JDWP Transport Listener: dt_socket" daemon [_thread_blocked, id=17892, stack(0x00007f634bcfd000,0x00007f634bdfe000)]
  0x00007f63941ea000 JavaThread "JDWP Event Helper Thread" daemon [_thread_blocked, id=17895, stack(0x00007f634bbfc000,0x00007f634bcfd000)]
  0x00007f633c001800 JavaThread "JDWP Command Reader" daemon [_thread_in_native, id=17896, stack(0x00007f634bafb000,0x00007f634bbfc000)]
  0x00007f639429a000 JavaThread "Service Thread" daemon [_thread_blocked, id=17898, stack(0x00007f634b9fa000,0x00007f634bafb000)]

Other Threads:
=>0x00007f6394186000 VMThread "VM Thread" [stack: 0x00007f636cdf5000,0x00007f636cef5000] [id=17883]
  0x00007f639429f000 WatcherThread [stack: 0x00007f634b8fa000,0x00007f634b9fa000] [id=17899]
  0x00007f6394030000 GCTaskThread "GC Thread#0" [stack: 0x00007f6398d59000,0x00007f6398e59000] [id=17878]
  0x00007f6394061000 ConcurrentGCThread "G1 Main Marker" [stack: 0x00007f637c063000,0x00007f637c163000] [id=17879]
  0x00007f6394062800 ConcurrentGCThread "G1 Conc#0" [stack: 0x00007f63741b0000,0x00007f63742b0000] [id=17880]
  0x00007f63940eb800 ConcurrentGCThread "G1 Refine#0" [stack: 0x00007f636d7f9000,0x00007f636d8f9000] [id=17881]
  0x00007f63940ed000 ConcurrentGCThread "G1 Young RemSet Sampling" [stack: 0x00007f636d6f7000,0x00007f636d7f7000] [id=17882]

Threads with active compile tasks:

VM state:at safepoint (normal execution)

VM Mutex/Monitor currently owned by a thread:  ([mutex/lock_event])
[0x00007f6394013c20] Threads_lock - owner thread: 0x00007f6394186000

Heap address: 0x0000000085600000, size: 1962 MB, Compressed Oops mode: 32-bit
Narrow klass base: 0x0000000800000000, Narrow klass shift: 3
Compressed class space size: 1073741824 Address: 0x0000000840000000

Heap:
 garbage-first heap   total 129024K, used 5828K [0x0000000085600000, 0x0000000100000000)
  region size 1024K, 6 young (6144K), 0 survivors (0K)
 Metaspace       used 3038K, capacity 5227K, committed 5376K, reserved 1056768K
  class space    used 264K, capacity 442K, committed 512K, reserved 1048576K
Heap Regions: E=young(eden), S=young(survivor), O=old, HS=humongous(starts), HC=humongous(continues), CS=collection set, F=free, A=archive, TAMS=top-at-mark-start (previous, next)
|   0|0x0000000085600000, 0x0000000085600000, 0x0000000085700000|  0%| F|  |TAMS 0x0000000085600000, 0x0000000085600000| Untracked 
|   1|0x0000000085700000, 0x0000000085700000, 0x0000000085800000|  0%| F|  |TAMS 0x0000000085700000, 0x0000000085700000| Untracked 
|   2|0x0000000085800000, 0x0000000085800000, 0x0000000085900000|  0%| F|  |TAMS 0x0000000085800000, 0x0000000085800000| Untracked 
|   3|0x0000000085900000, 0x0000000085900000, 0x0000000085a00000|  0%| F|  |TAMS 0x0000000085900000, 0x0000000085900000| Untracked 
|   4|0x0000000085a00000, 0x0000000085a00000, 0x0000000085b00000|  0%| F|  |TAMS 0x0000000085a00000, 0x0000000085a00000| Untracked 
|   5|0x0000000085b00000, 0x0000000085b00000, 0x0000000085c00000|  0%| F|  |TAMS 0x0000000085b00000, 0x0000000085b00000| Untracked 
|   6|0x0000000085c00000, 0x0000000085c00000, 0x0000000085d00000|  0%| F|  |TAMS 0x0000000085c00000, 0x0000000085c00000| Untracked 
|   7|0x0000000085d00000, 0x0000000085d00000, 0x0000000085e00000|  0%| F|  |TAMS 0x0000000085d00000, 0x0000000085d00000| Untracked 
|   8|0x0000000085e00000, 0x0000000085e00000, 0x0000000085f00000|  0%| F|  |TAMS 0x0000000085e00000, 0x0000000085e00000| Untracked 
|   9|0x0000000085f00000, 0x0000000085f00000, 0x0000000086000000|  0%| F|  |TAMS 0x0000000085f00000, 0x0000000085f00000| Untracked 
|  10|0x0000000086000000, 0x0000000086000000, 0x0000000086100000|  0%| F|  |TAMS 0x0000000086000000, 0x0000000086000000| Untracked 
|  11|0x0000000086100000, 0x0000000086100000, 0x0000000086200000|  0%| F|  |TAMS 0x0000000086100000, 0x0000000086100000| Untracked 
|  12|0x0000000086200000, 0x0000000086200000, 0x0000000086300000|  0%| F|  |TAMS 0x0000000086200000, 0x0000000086200000| Untracked 
|  13|0x0000000086300000, 0x0000000086300000, 0x0000000086400000|  0%| F|  |TAMS 0x0000000086300000, 0x0000000086300000| Untracked 
|  14|0x0000000086400000, 0x0000000086400000, 0x0000000086500000|  0%| F|  |TAMS 0x0000000086400000, 0x0000000086400000| Untracked 
|  15|0x0000000086500000, 0x0000000086500000, 0x0000000086600000|  0%| F|  |TAMS 0x0000000086500000, 0x0000000086500000| Untracked 
|  16|0x0000000086600000, 0x0000000086600000, 0x0000000086700000|  0%| F|  |TAMS 0x0000000086600000, 0x0000000086600000| Untracked 
|  17|0x0000000086700000, 0x0000000086700000, 0x0000000086800000|  0%| F|  |TAMS 0x0000000086700000, 0x0000000086700000| Untracked 
|  18|0x0000000086800000, 0x0000000086800000, 0x0000000086900000|  0%| F|  |TAMS 0x0000000086800000, 0x0000000086800000| Untracked 
|  19|0x0000000086900000, 0x0000000086900000, 0x0000000086a00000|  0%| F|  |TAMS 0x0000000086900000, 0x0000000086900000| Untracked 
|  20|0x0000000086a00000, 0x0000000086a00000, 0x0000000086b00000|  0%| F|  |TAMS 0x0000000086a00000, 0x0000000086a00000| Untracked 
|  21|0x0000000086b00000, 0x0000000086b00000, 0x0000000086c00000|  0%| F|  |TAMS 0x0000000086b00000, 0x0000000086b00000| Untracked 
|  22|0x0000000086c00000, 0x0000000086c00000, 0x0000000086d00000|  0%| F|  |TAMS 0x0000000086c00000, 0x0000000086c00000| Untracked 
|  23|0x0000000086d00000, 0x0000000086d00000, 0x0000000086e00000|  0%| F|  |TAMS 0x0000000086d00000, 0x0000000086d00000| Untracked 
|  24|0x0000000086e00000, 0x0000000086e00000, 0x0000000086f00000|  0%| F|  |TAMS 0x0000000086e00000, 0x0000000086e00000| Untracked 
|  25|0x0000000086f00000, 0x0000000086f00000, 0x0000000087000000|  0%| F|  |TAMS 0x0000000086f00000, 0x0000000086f00000| Untracked 
|  26|0x0000000087000000, 0x0000000087000000, 0x0000000087100000|  0%| F|  |TAMS 0x0000000087000000, 0x0000000087000000| Untracked 
|  27|0x0000000087100000, 0x0000000087100000, 0x0000000087200000|  0%| F|  |TAMS 0x0000000087100000, 0x0000000087100000| Untracked 
|  28|0x0000000087200000, 0x0000000087200000, 0x0000000087300000|  0%| F|  |TAMS 0x0000000087200000, 0x0000000087200000| Untracked 
|  29|0x0000000087300000, 0x0000000087300000, 0x0000000087400000|  0%| F|  |TAMS 0x0000000087300000, 0x0000000087300000| Untracked 
|  30|0x0000000087400000, 0x0000000087400000, 0x0000000087500000|  0%| F|  |TAMS 0x0000000087400000, 0x0000000087400000| Untracked 
|  31|0x0000000087500000, 0x0000000087500000, 0x0000000087600000|  0%| F|  |TAMS 0x0000000087500000, 0x0000000087500000| Untracked 
|  32|0x0000000087600000, 0x0000000087600000, 0x0000000087700000|  0%| F|  |TAMS 0x0000000087600000, 0x0000000087600000| Untracked 
|  33|0x0000000087700000, 0x0000000087700000, 0x0000000087800000|  0%| F|  |TAMS 0x0000000087700000, 0x0000000087700000| Untracked 
|  34|0x0000000087800000, 0x0000000087800000, 0x0000000087900000|  0%| F|  |TAMS 0x0000000087800000, 0x0000000087800000| Untracked 
|  35|0x0000000087900000, 0x0000000087900000, 0x0000000087a00000|  0%| F|  |TAMS 0x0000000087900000, 0x0000000087900000| Untracked 
|  36|0x0000000087a00000, 0x0000000087a00000, 0x0000000087b00000|  0%| F|  |TAMS 0x0000000087a00000, 0x0000000087a00000| Untracked 
|  37|0x0000000087b00000, 0x0000000087b00000, 0x0000000087c00000|  0%| F|  |TAMS 0x0000000087b00000, 0x0000000087b00000| Untracked 
|  38|0x0000000087c00000, 0x0000000087c00000, 0x0000000087d00000|  0%| F|  |TAMS 0x0000000087c00000, 0x0000000087c00000| Untracked 
|  39|0x0000000087d00000, 0x0000000087d00000, 0x0000000087e00000|  0%| F|  |TAMS 0x0000000087d00000, 0x0000000087d00000| Untracked 
|  40|0x0000000087e00000, 0x0000000087e00000, 0x0000000087f00000|  0%| F|  |TAMS 0x0000000087e00000, 0x0000000087e00000| Untracked 
|  41|0x0000000087f00000, 0x0000000087f00000, 0x0000000088000000|  0%| F|  |TAMS 0x0000000087f00000, 0x0000000087f00000| Untracked 
|  42|0x0000000088000000, 0x0000000088000000, 0x0000000088100000|  0%| F|  |TAMS 0x0000000088000000, 0x0000000088000000| Untracked 
|  43|0x0000000088100000, 0x0000000088100000, 0x0000000088200000|  0%| F|  |TAMS 0x0000000088100000, 0x0000000088100000| Untracked 
|  44|0x0000000088200000, 0x0000000088200000, 0x0000000088300000|  0%| F|  |TAMS 0x0000000088200000, 0x0000000088200000| Untracked 
|  45|0x0000000088300000, 0x0000000088300000, 0x0000000088400000|  0%| F|  |TAMS 0x0000000088300000, 0x0000000088300000| Untracked 
|  46|0x0000000088400000, 0x0000000088400000, 0x0000000088500000|  0%| F|  |TAMS 0x0000000088400000, 0x0000000088400000| Untracked 
|  47|0x0000000088500000, 0x0000000088500000, 0x0000000088600000|  0%| F|  |TAMS 0x0000000088500000, 0x0000000088500000| Untracked 
|  48|0x0000000088600000, 0x0000000088600000, 0x0000000088700000|  0%| F|  |TAMS 0x0000000088600000, 0x0000000088600000| Untracked 
|  49|0x0000000088700000, 0x0000000088700000, 0x0000000088800000|  0%| F|  |TAMS 0x0000000088700000, 0x0000000088700000| Untracked 
|  50|0x0000000088800000, 0x0000000088800000, 0x0000000088900000|  0%| F|  |TAMS 0x0000000088800000, 0x0000000088800000| Untracked 
|  51|0x0000000088900000, 0x0000000088900000, 0x0000000088a00000|  0%| F|  |TAMS 0x0000000088900000, 0x0000000088900000| Untracked 
|  52|0x0000000088a00000, 0x0000000088a00000, 0x0000000088b00000|  0%| F|  |TAMS 0x0000000088a00000, 0x0000000088a00000| Untracked 
|  53|0x0000000088b00000, 0x0000000088b00000, 0x0000000088c00000|  0%| F|  |TAMS 0x0000000088b00000, 0x0000000088b00000| Untracked 
|  54|0x0000000088c00000, 0x0000000088c00000, 0x0000000088d00000|  0%| F|  |TAMS 0x0000000088c00000, 0x0000000088c00000| Untracked 
|  55|0x0000000088d00000, 0x0000000088d00000, 0x0000000088e00000|  0%| F|  |TAMS 0x0000000088d00000, 0x0000000088d00000| Untracked 
|  56|0x0000000088e00000, 0x0000000088e00000, 0x0000000088f00000|  0%| F|  |TAMS 0x0000000088e00000, 0x0000000088e00000| Untracked 
|  57|0x0000000088f00000, 0x0000000088f00000, 0x0000000089000000|  0%| F|  |TAMS 0x0000000088f00000, 0x0000000088f00000| Untracked 
|  58|0x0000000089000000, 0x0000000089000000, 0x0000000089100000|  0%| F|  |TAMS 0x0000000089000000, 0x0000000089000000| Untracked 
|  59|0x0000000089100000, 0x0000000089100000, 0x0000000089200000|  0%| F|  |TAMS 0x0000000089100000, 0x0000000089100000| Untracked 
|  60|0x0000000089200000, 0x0000000089200000, 0x0000000089300000|  0%| F|  |TAMS 0x0000000089200000, 0x0000000089200000| Untracked 
|  61|0x0000000089300000, 0x0000000089300000, 0x0000000089400000|  0%| F|  |TAMS 0x0000000089300000, 0x0000000089300000| Untracked 
|  62|0x0000000089400000, 0x0000000089400000, 0x0000000089500000|  0%| F|  |TAMS 0x0000000089400000, 0x0000000089400000| Untracked 
|  63|0x0000000089500000, 0x0000000089500000, 0x0000000089600000|  0%| F|  |TAMS 0x0000000089500000, 0x0000000089500000| Untracked 
|  64|0x0000000089600000, 0x0000000089600000, 0x0000000089700000|  0%| F|  |TAMS 0x0000000089600000, 0x0000000089600000| Untracked 
|  65|0x0000000089700000, 0x0000000089700000, 0x0000000089800000|  0%| F|  |TAMS 0x0000000089700000, 0x0000000089700000| Untracked 
|  66|0x0000000089800000, 0x0000000089800000, 0x0000000089900000|  0%| F|  |TAMS 0x0000000089800000, 0x0000000089800000| Untracked 
|  67|0x0000000089900000, 0x0000000089900000, 0x0000000089a00000|  0%| F|  |TAMS 0x0000000089900000, 0x0000000089900000| Untracked 
|  68|0x0000000089a00000, 0x0000000089a00000, 0x0000000089b00000|  0%| F|  |TAMS 0x0000000089a00000, 0x0000000089a00000| Untracked 
|  69|0x0000000089b00000, 0x0000000089b00000, 0x0000000089c00000|  0%| F|  |TAMS 0x0000000089b00000, 0x0000000089b00000| Untracked 
|  70|0x0000000089c00000, 0x0000000089c00000, 0x0000000089d00000|  0%| F|  |TAMS 0x0000000089c00000, 0x0000000089c00000| Untracked 
|  71|0x0000000089d00000, 0x0000000089d00000, 0x0000000089e00000|  0%| F|  |TAMS 0x0000000089d00000, 0x0000000089d00000| Untracked 
|  72|0x0000000089e00000, 0x0000000089e00000, 0x0000000089f00000|  0%| F|  |TAMS 0x0000000089e00000, 0x0000000089e00000| Untracked 
|  73|0x0000000089f00000, 0x0000000089f00000, 0x000000008a000000|  0%| F|  |TAMS 0x0000000089f00000, 0x0000000089f00000| Untracked 
|  74|0x000000008a000000, 0x000000008a000000, 0x000000008a100000|  0%| F|  |TAMS 0x000000008a000000, 0x000000008a000000| Untracked 
|  75|0x000000008a100000, 0x000000008a100000, 0x000000008a200000|  0%| F|  |TAMS 0x000000008a100000, 0x000000008a100000| Untracked 
|  76|0x000000008a200000, 0x000000008a200000, 0x000000008a300000|  0%| F|  |TAMS 0x000000008a200000, 0x000000008a200000| Untracked 
|  77|0x000000008a300000, 0x000000008a300000, 0x000000008a400000|  0%| F|  |TAMS 0x000000008a300000, 0x000000008a300000| Untracked 
|  78|0x000000008a400000, 0x000000008a400000, 0x000000008a500000|  0%| F|  |TAMS 0x000000008a400000, 0x000000008a400000| Untracked 
|  79|0x000000008a500000, 0x000000008a500000, 0x000000008a600000|  0%| F|  |TAMS 0x000000008a500000, 0x000000008a500000| Untracked 
|  80|0x000000008a600000, 0x000000008a600000, 0x000000008a700000|  0%| F|  |TAMS 0x000000008a600000, 0x000000008a600000| Untracked 
|  81|0x000000008a700000, 0x000000008a700000, 0x000000008a800000|  0%| F|  |TAMS 0x000000008a700000, 0x000000008a700000| Untracked 
|  82|0x000000008a800000, 0x000000008a800000, 0x000000008a900000|  0%| F|  |TAMS 0x000000008a800000, 0x000000008a800000| Untracked 
|  83|0x000000008a900000, 0x000000008a900000, 0x000000008aa00000|  0%| F|  |TAMS 0x000000008a900000, 0x000000008a900000| Untracked 
|  84|0x000000008aa00000, 0x000000008aa00000, 0x000000008ab00000|  0%| F|  |TAMS 0x000000008aa00000, 0x000000008aa00000| Untracked 
|  85|0x000000008ab00000, 0x000000008ab00000, 0x000000008ac00000|  0%| F|  |TAMS 0x000000008ab00000, 0x000000008ab00000| Untracked 
|  86|0x000000008ac00000, 0x000000008ac00000, 0x000000008ad00000|  0%| F|  |TAMS 0x000000008ac00000, 0x000000008ac00000| Untracked 
|  87|0x000000008ad00000, 0x000000008ad00000, 0x000000008ae00000|  0%| F|  |TAMS 0x000000008ad00000, 0x000000008ad00000| Untracked 
|  88|0x000000008ae00000, 0x000000008ae00000, 0x000000008af00000|  0%| F|  |TAMS 0x000000008ae00000, 0x000000008ae00000| Untracked 
|  89|0x000000008af00000, 0x000000008af00000, 0x000000008b000000|  0%| F|  |TAMS 0x000000008af00000, 0x000000008af00000| Untracked 
|  90|0x000000008b000000, 0x000000008b000000, 0x000000008b100000|  0%| F|  |TAMS 0x000000008b000000, 0x000000008b000000| Untracked 
|  91|0x000000008b100000, 0x000000008b100000, 0x000000008b200000|  0%| F|  |TAMS 0x000000008b100000, 0x000000008b100000| Untracked 
|  92|0x000000008b200000, 0x000000008b200000, 0x000000008b300000|  0%| F|  |TAMS 0x000000008b200000, 0x000000008b200000| Untracked 
|  93|0x000000008b300000, 0x000000008b300000, 0x000000008b400000|  0%| F|  |TAMS 0x000000008b300000, 0x000000008b300000| Untracked 
|  94|0x000000008b400000, 0x000000008b400000, 0x000000008b500000|  0%| F|  |TAMS 0x000000008b400000, 0x000000008b400000| Untracked 
|  95|0x000000008b500000, 0x000000008b500000, 0x000000008b600000|  0%| F|  |TAMS 0x000000008b500000, 0x000000008b500000| Untracked 
|  96|0x000000008b600000, 0x000000008b600000, 0x000000008b700000|  0%| F|  |TAMS 0x000000008b600000, 0x000000008b600000| Untracked 
|  97|0x000000008b700000, 0x000000008b700000, 0x000000008b800000|  0%| F|  |TAMS 0x000000008b700000, 0x000000008b700000| Untracked 
|  98|0x000000008b800000, 0x000000008b800000, 0x000000008b900000|  0%| F|  |TAMS 0x000000008b800000, 0x000000008b800000| Untracked 
|  99|0x000000008b900000, 0x000000008b900000, 0x000000008ba00000|  0%| F|  |TAMS 0x000000008b900000, 0x000000008b900000| Untracked 
| 100|0x000000008ba00000, 0x000000008ba00000, 0x000000008bb00000|  0%| F|  |TAMS 0x000000008ba00000, 0x000000008ba00000| Untracked 
| 101|0x000000008bb00000, 0x000000008bb00000, 0x000000008bc00000|  0%| F|  |TAMS 0x000000008bb00000, 0x000000008bb00000| Untracked 
| 102|0x000000008bc00000, 0x000000008bc00000, 0x000000008bd00000|  0%| F|  |TAMS 0x000000008bc00000, 0x000000008bc00000| Untracked 
| 103|0x000000008bd00000, 0x000000008bd00000, 0x000000008be00000|  0%| F|  |TAMS 0x000000008bd00000, 0x000000008bd00000| Untracked 
| 104|0x000000008be00000, 0x000000008be00000, 0x000000008bf00000|  0%| F|  |TAMS 0x000000008be00000, 0x000000008be00000| Untracked 
| 105|0x000000008bf00000, 0x000000008bf00000, 0x000000008c000000|  0%| F|  |TAMS 0x000000008bf00000, 0x000000008bf00000| Untracked 
| 106|0x000000008c000000, 0x000000008c000000, 0x000000008c100000|  0%| F|  |TAMS 0x000000008c000000, 0x000000008c000000| Untracked 
| 107|0x000000008c100000, 0x000000008c100000, 0x000000008c200000|  0%| F|  |TAMS 0x000000008c100000, 0x000000008c100000| Untracked 
| 108|0x000000008c200000, 0x000000008c200000, 0x000000008c300000|  0%| F|  |TAMS 0x000000008c200000, 0x000000008c200000| Untracked 
| 109|0x000000008c300000, 0x000000008c300000, 0x000000008c400000|  0%| F|  |TAMS 0x000000008c300000, 0x000000008c300000| Untracked 
| 110|0x000000008c400000, 0x000000008c400000, 0x000000008c500000|  0%| F|  |TAMS 0x000000008c400000, 0x000000008c400000| Untracked 
| 111|0x000000008c500000, 0x000000008c500000, 0x000000008c600000|  0%| F|  |TAMS 0x000000008c500000, 0x000000008c500000| Untracked 
| 112|0x000000008c600000, 0x000000008c600000, 0x000000008c700000|  0%| F|  |TAMS 0x000000008c600000, 0x000000008c600000| Untracked 
| 113|0x000000008c700000, 0x000000008c700000, 0x000000008c800000|  0%| F|  |TAMS 0x000000008c700000, 0x000000008c700000| Untracked 
| 114|0x000000008c800000, 0x000000008c800000, 0x000000008c900000|  0%| F|  |TAMS 0x000000008c800000, 0x000000008c800000| Untracked 
| 115|0x000000008c900000, 0x000000008c900000, 0x000000008ca00000|  0%| F|  |TAMS 0x000000008c900000, 0x000000008c900000| Untracked 
| 116|0x000000008ca00000, 0x000000008ca00000, 0x000000008cb00000|  0%| F|  |TAMS 0x000000008ca00000, 0x000000008ca00000| Untracked 
| 117|0x000000008cb00000, 0x000000008cb00000, 0x000000008cc00000|  0%| F|  |TAMS 0x000000008cb00000, 0x000000008cb00000| Untracked 
| 118|0x000000008cc00000, 0x000000008ccf71f0, 0x000000008cd00000| 96%| E|  |TAMS 0x000000008cc00000, 0x000000008cc00000| Complete 
| 119|0x000000008cd00000, 0x000000008ce00000, 0x000000008ce00000|100%| E|CS|TAMS 0x000000008cd00000, 0x000000008cd00000| Complete 
| 120|0x000000008ce00000, 0x000000008cf00000, 0x000000008cf00000|100%| E|CS|TAMS 0x000000008ce00000, 0x000000008ce00000| Complete 
| 121|0x000000008cf00000, 0x000000008d000000, 0x000000008d000000|100%| E|CS|TAMS 0x000000008cf00000, 0x000000008cf00000| Complete 
| 122|0x000000008d000000, 0x000000008d100000, 0x000000008d100000|100%| E|CS|TAMS 0x000000008d000000, 0x000000008d000000| Complete 
| 123|0x000000008d100000, 0x000000008d200000, 0x000000008d200000|100%| E|CS|TAMS 0x000000008d100000, 0x000000008d100000| Complete 
|1960|0x00000000ffe00000, 0x00000000ffe47000, 0x00000000fff00000| 27%|OA|  |TAMS 0x00000000ffe00000, 0x00000000ffe00000| Untracked 
|1961|0x00000000fff00000, 0x00000000fff6a000, 0x0000000100000000| 41%|CA|  |TAMS 0x00000000fff00000, 0x00000000fff00000| Untracked 

Card table byte_map: [0x00007f637c538000,0x00007f637c90d000] _byte_map_base: 0x00007f637c10d000

Marking Bits (Prev, Next): (CMBitMap*) 0x00007f63940584a8, (CMBitMap*) 0x00007f63940584e0
 Prev Bits: [0x00007f6376158000, 0x00007f6378000000)
 Next Bits: [0x00007f63742b0000, 0x00007f6376158000)

Polling page: 0x00007f639a90e000

Metaspace:

Usage:
  Non-class:      4,67 MB capacity,     2,71 MB ( 58%) used,     1,96 MB ( 42%) free+waste,     3,00 KB ( <1%) overhead. 
      Class:    442,00 KB capacity,   264,19 KB ( 60%) used,   176,31 KB ( 40%) free+waste,     1,50 KB ( <1%) overhead. 
       Both:      5,10 MB capacity,     2,97 MB ( 58%) used,     2,13 MB ( 42%) free+waste,     4,50 KB ( <1%) overhead. 

Virtual space:
  Non-class space:        8,00 MB reserved,       4,75 MB ( 59%) committed 
      Class space:        1,00 GB reserved,     512,00 KB ( <1%) committed 
             Both:        1,01 GB reserved,       5,25 MB ( <1%) committed 

Chunk freelists:
   Non-Class:  59,00 KB
       Class:  6,00 KB
        Both:  65,00 KB

MaxMetaspaceSize: unlimited
CompressedClassSpaceSize: 1,00 GB

CodeHeap 'non-profiled nmethods': size=120032Kb used=138Kb max_used=138Kb free=119893Kb
 bounds [0x00007f63843d5000, 0x00007f6384645000, 0x00007f638b90d000]
CodeHeap 'profiled nmethods': size=120028Kb used=709Kb max_used=709Kb free=119318Kb
 bounds [0x00007f637ce9e000, 0x00007f637d10e000, 0x00007f63843d5000]
CodeHeap 'non-nmethods': size=5700Kb used=1127Kb max_used=1141Kb free=4572Kb
 bounds [0x00007f637c90d000, 0x00007f637cb7d000, 0x00007f637ce9e000]
 total_blobs=939 nmethods=404 adapters=274
 compilation: enabled
              stopped_count=0, restarted_count=0
 full_count=0

Compilation events (20 events):
Event: 1400,282 Thread 0x00007f6394196000  436       3       org.eclipse.jdt.launching.internal.org.objectweb.asm.ClassReader::readCode (5089 bytes)
Event: 1400,329 Thread 0x00007f6394196000 nmethod 436 0x00007f637cf38c10 code [0x00007f637cf3a1e0, 0x00007f637cf4e448]
Event: 1438,155 Thread 0x00007f6394196000  437       3       org.eclipse.jdt.launching.internal.org.objectweb.asm.ByteVector::enlarge (51 bytes)
Event: 1438,155 Thread 0x00007f6394196000 nmethod 437 0x00007f637ce9ea10 code [0x00007f637ce9ebe0, 0x00007f637ce9ef68]
Event: 1598,810 Thread 0x00007f6394193800  438       4       org.eclipse.jdt.launching.internal.org.objectweb.asm.ClassReader::readUtf (44 bytes)
Event: 1598,829 Thread 0x00007f6394193800 nmethod 438 0x00007f63843e1290 code [0x00007f63843e1460, 0x00007f63843e1e98]
Event: 1635,650 Thread 0x00007f6394196000  439       3       org.eclipse.jdt.launching.internal.org.objectweb.asm.MethodWriter::visitTypeInsn (116 bytes)
Event: 1635,653 Thread 0x00007f6394196000 nmethod 439 0x00007f637cea7010 code [0x00007f637cea7200, 0x00007f637cea76e8]
Event: 1827,776 Thread 0x00007f6394196000  440       1       java.net.URL::getPath (5 bytes)
Event: 1827,776 Thread 0x00007f6394196000 nmethod 440 0x00007f63843f6a90 code [0x00007f63843f6c40, 0x00007f63843f6d70]
Event: 1827,777 Thread 0x00007f6394196000  441       1       org.eclipse.jdt.launching.internal.org.objectweb.asm.SymbolTable::getSource (5 bytes)
Event: 1827,777 Thread 0x00007f6394196000 nmethod 441 0x00007f63843f6e10 code [0x00007f63843f6fc0, 0x00007f63843f70f0]
Event: 1827,777 Thread 0x00007f6394196000  443       3       org.eclipse.jdt.launching.internal.org.objectweb.asm.Handler::getExceptionTableSize (10 bytes)
Event: 1827,777 Thread 0x00007f6394196000 nmethod 443 0x00007f637ceb9590 code [0x00007f637ceb9760, 0x00007f637ceb99b0]
Event: 1827,777 Thread 0x00007f6394196000  442       1       org.eclipse.jdt.launching.internal.org.objectweb.asm.MethodWriter::hasAsmInstructions (5 bytes)
Event: 1827,777 Thread 0x00007f6394196000 nmethod 442 0x00007f63843f7190 code [0x00007f63843f7340, 0x00007f63843f7470]
Event: 1950,180 Thread 0x00007f6394196000  444       1       java.net.URL::getAuthority (5 bytes)
Event: 1950,180 Thread 0x00007f6394196000 nmethod 444 0x00007f63843f7510 code [0x00007f63843f76c0, 0x00007f63843f77f0]
Event: 1950,180 Thread 0x00007f6394196000  445       1       java.net.URL::getQuery (5 bytes)
Event: 1950,180 Thread 0x00007f6394196000 nmethod 445 0x00007f63843f7890 code [0x00007f63843f7a40, 0x00007f63843f7b70]

GC Heap History (0 events):
No events

Deoptimization events (20 events):
Event: 0,149 Thread 0x00007f6394017000 DEOPT PACKING pc=0x00007f63843e21ec sp=0x00007f63991f38d0
Event: 0,149 Thread 0x00007f6394017000 DEOPT UNPACKING pc=0x00007f637c946225 sp=0x00007f63991f3890 mode 2
Event: 0,249 Thread 0x00007f6394017000 DEOPT PACKING pc=0x00007f637cf03e6a sp=0x00007f63991f0590
Event: 0,249 Thread 0x00007f6394017000 DEOPT UNPACKING pc=0x00007f637c94603a sp=0x00007f63991efa78 mode 0
Event: 0,251 Thread 0x00007f6394017000 DEOPT PACKING pc=0x00007f637cf03e6a sp=0x00007f63991f1720
Event: 0,251 Thread 0x00007f6394017000 DEOPT UNPACKING pc=0x00007f637c94603a sp=0x00007f63991f0c08 mode 0
Event: 0,251 Thread 0x00007f6394017000 DEOPT PACKING pc=0x00007f637cf03e6a sp=0x00007f63991f1720
Event: 0,251 Thread 0x00007f6394017000 DEOPT UNPACKING pc=0x00007f637c94603a sp=0x00007f63991f0c08 mode 0
Event: 0,256 Thread 0x00007f6394017000 DEOPT PACKING pc=0x00007f637cf03e6a sp=0x00007f63991f16a0
Event: 0,256 Thread 0x00007f6394017000 DEOPT UNPACKING pc=0x00007f637c94603a sp=0x00007f63991f0b88 mode 0
Event: 0,258 Thread 0x00007f6394017000 DEOPT PACKING pc=0x00007f637cf03e6a sp=0x00007f63991f1770
Event: 0,258 Thread 0x00007f6394017000 DEOPT UNPACKING pc=0x00007f637c94603a sp=0x00007f63991f0c58 mode 0
Event: 0,263 Thread 0x00007f6394017000 DEOPT PACKING pc=0x00007f637cf03e6a sp=0x00007f63991f01a0
Event: 0,263 Thread 0x00007f6394017000 DEOPT UNPACKING pc=0x00007f637c94603a sp=0x00007f63991ef688 mode 0
Event: 0,263 Thread 0x00007f6394017000 DEOPT PACKING pc=0x00007f637cf03e6a sp=0x00007f63991f01a0
Event: 0,263 Thread 0x00007f6394017000 DEOPT UNPACKING pc=0x00007f637c94603a sp=0x00007f63991ef688 mode 0
Event: 87,994 Thread 0x00007f63941e6800 DEOPT PACKING pc=0x00007f637cf03e6a sp=0x00007f634bdfa190
Event: 87,994 Thread 0x00007f63941e6800 DEOPT UNPACKING pc=0x00007f637c94603a sp=0x00007f634bdf9678 mode 0
Event: 87,995 Thread 0x00007f63941e6800 DEOPT PACKING pc=0x00007f637cf03e6a sp=0x00007f634bdfa190
Event: 87,995 Thread 0x00007f63941e6800 DEOPT UNPACKING pc=0x00007f637c94603a sp=0x00007f634bdf9678 mode 0

Classes redefined (20 events):
Event: 610,518 Thread 0x00007f6394186000 redefined class name=myduyen.Download.HTTPRequest, count=13
Event: 638,388 Thread 0x00007f6394186000 redefined class name=myduyen.Download.HTTPRequest, count=14
Event: 666,620 Thread 0x00007f6394186000 redefined class name=myduyen.Download.HTTPRequest, count=15
Event: 720,193 Thread 0x00007f6394186000 redefined class name=myduyen.Download.HTTPRequest, count=16
Event: 724,681 Thread 0x00007f6394186000 redefined class name=myduyen.Download.HTTPRequest, count=17
Event: 785,339 Thread 0x00007f6394186000 redefined class name=myduyen.Download.HTTPRequest, count=18
Event: 954,966 Thread 0x00007f6394186000 redefined class name=myduyen.Download.HTTPRequest, count=19
Event: 1100,219 Thread 0x00007f6394186000 redefined class name=myduyen.Download.HTTPRequest, count=20
Event: 1172,800 Thread 0x00007f6394186000 redefined class name=myduyen.Download.HTTPRequest, count=21
Event: 1337,766 Thread 0x00007f6394186000 redefined class name=myduyen.Download.HTTPRequest, count=22
Event: 1354,775 Thread 0x00007f6394186000 redefined class name=myduyen.Download.HTTPRequest, count=23
Event: 1393,944 Thread 0x00007f6394186000 redefined class name=myduyen.Download.HTTPRequest, count=24
Event: 1400,285 Thread 0x00007f6394186000 redefined class name=myduyen.Download.HTTPRequest, count=25
Event: 1438,157 Thread 0x00007f6394186000 redefined class name=myduyen.Download.HTTPRequest, count=26
Event: 1523,560 Thread 0x00007f6394186000 redefined class name=myduyen.Download.HTTPRequest, count=27
Event: 1598,813 Thread 0x00007f6394186000 redefined class name=myduyen.Download.HTTPRequest, count=28
Event: 1635,653 Thread 0x00007f6394186000 redefined class name=myduyen.Download.HTTPRequest, count=29
Event: 1644,899 Thread 0x00007f6394186000 redefined class name=myduyen.Download.HTTPRequest, count=30
Event: 1827,779 Thread 0x00007f6394186000 redefined class name=myduyen.Download.HTTPRequest, count=31
Event: 1950,182 Thread 0x00007f6394186000 redefined class name=myduyen.Download.HTTPRequest, count=32

Internal exceptions (0 events):
No events

Events (20 events):
Event: 1981,995 Executing VM operation: GetCurrentContendedMonitor done
Event: 1981,996 Executing VM operation: GetOwnedMonitorInfo
Event: 1981,996 Executing VM operation: GetOwnedMonitorInfo done
Event: 1982,002 Executing VM operation: GetCurrentContendedMonitor
Event: 1982,002 Executing VM operation: GetCurrentContendedMonitor done
Event: 1982,002 Executing VM operation: GetOwnedMonitorInfo
Event: 1982,002 Executing VM operation: GetOwnedMonitorInfo done
Event: 1982,690 Executing VM operation: GetCurrentContendedMonitor
Event: 1982,691 Executing VM operation: GetCurrentContendedMonitor done
Event: 1982,691 Executing VM operation: GetOwnedMonitorInfo
Event: 1982,691 Executing VM operation: GetOwnedMonitorInfo done
Event: 1982,728 Executing VM operation: GetCurrentContendedMonitor
Event: 1982,728 Executing VM operation: GetCurrentContendedMonitor done
Event: 1982,729 Executing VM operation: GetOwnedMonitorInfo
Event: 1982,729 Executing VM operation: GetOwnedMonitorInfo done
Event: 1988,037 Executing VM operation: GetCurrentContendedMonitor
Event: 1988,037 Executing VM operation: GetCurrentContendedMonitor done
Event: 1988,037 Executing VM operation: GetOwnedMonitorInfo
Event: 1988,037 Executing VM operation: GetOwnedMonitorInfo done
Event: 2200,919 Executing VM operation: RedefineClasses


Dynamic libraries:
85600000-8d200000 rw-p 00000000 00:00 0 
8d200000-ffe00000 ---p 00000000 00:00 0 
ffe00000-ffe47000 rw-p 0110b000 08:02 3670019                            /usr/lib/jvm/java-11-openjdk-amd64/lib/server/classes.jsa
ffe47000-fff00000 rw-p 00000000 00:00 0 
fff00000-fff6a000 rw-p 010a1000 08:02 3670019                            /usr/lib/jvm/java-11-openjdk-amd64/lib/server/classes.jsa
fff6a000-100000000 rw-p 00000000 00:00 0 
800000000-800002000 rwxp 00001000 08:02 3670019                          /usr/lib/jvm/java-11-openjdk-amd64/lib/server/classes.jsa
800002000-8010a0000 rw-p 00003000 08:02 3670019                          /usr/lib/jvm/java-11-openjdk-amd64/lib/server/classes.jsa
840000000-840080000 rw-p 00000000 00:00 0 
840080000-880000000 ---p 00000000 00:00 0 
5652e8ca0000-5652e8ca1000 r--p 00000000 08:02 3543612                    /usr/lib/jvm/java-11-openjdk-amd64/bin/java
5652e8ca1000-5652e8ca2000 r-xp 00001000 08:02 3543612                    /usr/lib/jvm/java-11-openjdk-amd64/bin/java
5652e8ca2000-5652e8ca3000 r--p 00002000 08:02 3543612                    /usr/lib/jvm/java-11-openjdk-amd64/bin/java
5652e8ca3000-5652e8ca4000 r--p 00002000 08:02 3543612                    /usr/lib/jvm/java-11-openjdk-amd64/bin/java
5652e8ca4000-5652e8ca5000 rw-p 00003000 08:02 3543612                    /usr/lib/jvm/java-11-openjdk-amd64/bin/java
5652e9c72000-5652e9c93000 rw-p 00000000 00:00 0                          [heap]
7f6328000000-7f6328021000 rw-p 00000000 00:00 0 
7f6328021000-7f632c000000 ---p 00000000 00:00 0 
7f632c000000-7f632c021000 rw-p 00000000 00:00 0 
7f632c021000-7f6330000000 ---p 00000000 00:00 0 
7f6330000000-7f6330021000 rw-p 00000000 00:00 0 
7f6330021000-7f6334000000 ---p 00000000 00:00 0 
7f6334000000-7f6334021000 rw-p 00000000 00:00 0 
7f6334021000-7f6338000000 ---p 00000000 00:00 0 
7f6338000000-7f6338021000 rw-p 00000000 00:00 0 
7f6338021000-7f633c000000 ---p 00000000 00:00 0 
7f633c000000-7f633c071000 rw-p 00000000 00:00 0 
7f633c071000-7f6340000000 ---p 00000000 00:00 0 
7f6340000000-7f6340021000 rw-p 00000000 00:00 0 
7f6340021000-7f6344000000 ---p 00000000 00:00 0 
7f6344000000-7f6344888000 rw-p 00000000 00:00 0 
7f6344888000-7f6348000000 ---p 00000000 00:00 0 
7f634b8f8000-7f634b8f9000 ---p 00000000 00:00 0 
7f634b8f9000-7f634b9fa000 rw-p 00000000 00:00 0 
7f634b9fa000-7f634b9fe000 ---p 00000000 00:00 0 
7f634b9fe000-7f634bafb000 rw-p 00000000 00:00 0 
7f634bafb000-7f634baff000 ---p 00000000 00:00 0 
7f634baff000-7f634bbfc000 rw-p 00000000 00:00 0 
7f634bbfc000-7f634bc00000 ---p 00000000 00:00 0 
7f634bc00000-7f634bcfd000 rw-p 00000000 00:00 0 
7f634bcfd000-7f634bd01000 ---p 00000000 00:00 0 
7f634bd01000-7f634bdfe000 rw-p 00000000 00:00 0 
7f634bdfe000-7f634be02000 ---p 00000000 00:00 0 
7f634be02000-7f634beff000 rw-p 00000000 00:00 0 
7f634beff000-7f634bf03000 ---p 00000000 00:00 0 
7f634bf03000-7f634c000000 rw-p 00000000 00:00 0 
7f634c000000-7f634c021000 rw-p 00000000 00:00 0 
7f634c021000-7f6350000000 ---p 00000000 00:00 0 
7f6350000000-7f63502a9000 rw-p 00000000 00:00 0 
7f63502a9000-7f6354000000 ---p 00000000 00:00 0 
7f6354000000-7f6354021000 rw-p 00000000 00:00 0 
7f6354021000-7f6358000000 ---p 00000000 00:00 0 
7f6358000000-7f6358021000 rw-p 00000000 00:00 0 
7f6358021000-7f635c000000 ---p 00000000 00:00 0 
7f635c000000-7f635c021000 rw-p 00000000 00:00 0 
7f635c021000-7f6360000000 ---p 00000000 00:00 0 
7f6360000000-7f6360021000 rw-p 00000000 00:00 0 
7f6360021000-7f6364000000 ---p 00000000 00:00 0 
7f6364000000-7f6364021000 rw-p 00000000 00:00 0 
7f6364021000-7f6368000000 ---p 00000000 00:00 0 
7f6368000000-7f6368021000 rw-p 00000000 00:00 0 
7f6368021000-7f636c000000 ---p 00000000 00:00 0 
7f636c0b2000-7f636c0b6000 ---p 00000000 00:00 0 
7f636c0b6000-7f636c1b3000 rw-p 00000000 00:00 0 
7f636c1b3000-7f636c1b7000 ---p 00000000 00:00 0 
7f636c1b7000-7f636c2b4000 rw-p 00000000 00:00 0 
7f636c2b4000-7f636c2b8000 ---p 00000000 00:00 0 
7f636c2b8000-7f636c3b5000 rw-p 00000000 00:00 0 
7f636c3b5000-7f636cbf1000 r--p 00000000 08:02 3416818                    /usr/lib/locale/locale-archive
7f636cbf1000-7f636cbf5000 ---p 00000000 00:00 0 
7f636cbf5000-7f636ccf2000 rw-p 00000000 00:00 0 
7f636ccf2000-7f636ccf6000 ---p 00000000 00:00 0 
7f636ccf6000-7f636cdf3000 rw-p 00000000 00:00 0 
7f636cdf3000-7f636cdf4000 ---p 00000000 00:00 0 
7f636cdf4000-7f636d3b5000 rw-p 00000000 00:00 0 
7f636d3b5000-7f636d6f5000 ---p 00000000 00:00 0 
7f636d6f5000-7f636d6f6000 ---p 00000000 00:00 0 
7f636d6f6000-7f636d7f7000 rw-p 00000000 00:00 0 
7f636d7f7000-7f636d7f8000 ---p 00000000 00:00 0 
7f636d7f8000-7f6370000000 rw-p 00000000 00:00 0 
7f6370000000-7f6370021000 rw-p 00000000 00:00 0 
7f6370021000-7f6374000000 ---p 00000000 00:00 0 
7f63740ad000-7f63741ae000 rw-p 00000000 00:00 0 
7f63741ae000-7f63741af000 ---p 00000000 00:00 0 
7f63741af000-7f63744a0000 rw-p 00000000 00:00 0 
7f63744a0000-7f6376150000 ---p 00000000 00:00 0 
7f6376150000-7f6376348000 rw-p 00000000 00:00 0 
7f6376348000-7f6377ff8000 ---p 00000000 00:00 0 
7f6377ff8000-7f6378000000 rw-p 00000000 00:00 0 
7f6378000000-7f6378021000 rw-p 00000000 00:00 0 
7f6378021000-7f637c000000 ---p 00000000 00:00 0 
7f637c048000-7f637c04c000 r--p 00000000 08:02 3670393                    /usr/lib/jvm/java-11-openjdk-amd64/lib/libnet.so
7f637c04c000-7f637c05b000 r-xp 00004000 08:02 3670393                    /usr/lib/jvm/java-11-openjdk-amd64/lib/libnet.so
7f637c05b000-7f637c05f000 r--p 00013000 08:02 3670393                    /usr/lib/jvm/java-11-openjdk-amd64/lib/libnet.so
7f637c05f000-7f637c060000 r--p 00016000 08:02 3670393                    /usr/lib/jvm/java-11-openjdk-amd64/lib/libnet.so
7f637c060000-7f637c061000 rw-p 00017000 08:02 3670393                    /usr/lib/jvm/java-11-openjdk-amd64/lib/libnet.so
7f637c061000-7f637c062000 ---p 00000000 00:00 0 
7f637c062000-7f637c1a1000 rw-p 00000000 00:00 0 
7f637c1a1000-7f637c537000 ---p 00000000 00:00 0 
7f637c537000-7f637c576000 rw-p 00000000 00:00 0 
7f637c576000-7f637c90c000 ---p 00000000 00:00 0 
7f637c90c000-7f637c90d000 rw-p 00000000 00:00 0 
7f637c90d000-7f637cb7d000 rwxp 00000000 00:00 0 
7f637cb7d000-7f637ce9e000 ---p 00000000 00:00 0 
7f637ce9e000-7f637d10e000 rwxp 00000000 00:00 0 
7f637d10e000-7f63843d5000 ---p 00000000 00:00 0 
7f63843d5000-7f6384645000 rwxp 00000000 00:00 0 
7f6384645000-7f638b90d000 ---p 00000000 00:00 0 
7f638b90d000-7f6394000000 r--s 00000000 08:02 3670403                    /usr/lib/jvm/java-11-openjdk-amd64/lib/modules
7f6394000000-7f639436c000 rw-p 00000000 00:00 0 
7f639436c000-7f6398000000 ---p 00000000 00:00 0 
7f6398003000-7f639800a000 r--p 00000000 08:02 3670394                    /usr/lib/jvm/java-11-openjdk-amd64/lib/libnio.so
7f639800a000-7f6398012000 r-xp 00007000 08:02 3670394                    /usr/lib/jvm/java-11-openjdk-amd64/lib/libnio.so
7f6398012000-7f6398015000 r--p 0000f000 08:02 3670394                    /usr/lib/jvm/java-11-openjdk-amd64/lib/libnio.so
7f6398015000-7f6398016000 r--p 00011000 08:02 3670394                    /usr/lib/jvm/java-11-openjdk-amd64/lib/libnio.so
7f6398016000-7f6398017000 rw-p 00012000 08:02 3670394                    /usr/lib/jvm/java-11-openjdk-amd64/lib/libnio.so
7f6398017000-7f6398019000 r--p 00000000 08:02 3670373                    /usr/lib/jvm/java-11-openjdk-amd64/lib/libdt_socket.so
7f6398019000-7f639801c000 r-xp 00002000 08:02 3670373                    /usr/lib/jvm/java-11-openjdk-amd64/lib/libdt_socket.so
7f639801c000-7f639801d000 r--p 00005000 08:02 3670373                    /usr/lib/jvm/java-11-openjdk-amd64/lib/libdt_socket.so
7f639801d000-7f639801e000 r--p 00005000 08:02 3670373                    /usr/lib/jvm/java-11-openjdk-amd64/lib/libdt_socket.so
7f639801e000-7f639801f000 rw-p 00006000 08:02 3670373                    /usr/lib/jvm/java-11-openjdk-amd64/lib/libdt_socket.so
7f639801f000-7f63981b8000 rw-p 00000000 00:00 0 
7f63981b8000-7f639854e000 ---p 00000000 00:00 0 
7f639854e000-7f6398d57000 rw-p 00000000 00:00 0 
7f6398d57000-7f6398d58000 ---p 00000000 00:00 0 
7f6398d58000-7f6398e5e000 rw-p 00000000 00:00 0 
7f6398e5e000-7f6398f44000 ---p 00000000 00:00 0 
7f6398f44000-7f6398f49000 rw-p 00000000 00:00 0 
7f6398f49000-7f639902f000 ---p 00000000 00:00 0 
7f639902f000-7f6399034000 rw-p 00000000 00:00 0 
7f6399034000-7f639903b000 ---p 00000000 00:00 0 
7f639903b000-7f639903d000 r--p 00000000 08:02 3670385                    /usr/lib/jvm/java-11-openjdk-amd64/lib/libjimage.so
7f639903d000-7f6399040000 r-xp 00002000 08:02 3670385                    /usr/lib/jvm/java-11-openjdk-amd64/lib/libjimage.so
7f6399040000-7f6399041000 r--p 00005000 08:02 3670385                    /usr/lib/jvm/java-11-openjdk-amd64/lib/libjimage.so
7f6399041000-7f6399042000 ---p 00006000 08:02 3670385                    /usr/lib/jvm/java-11-openjdk-amd64/lib/libjimage.so
7f6399042000-7f6399043000 r--p 00006000 08:02 3670385                    /usr/lib/jvm/java-11-openjdk-amd64/lib/libjimage.so
7f6399043000-7f6399044000 rw-p 00007000 08:02 3670385                    /usr/lib/jvm/java-11-openjdk-amd64/lib/libjimage.so
7f6399044000-7f6399047000 r--p 00000000 08:02 3410760                    /usr/lib/x86_64-linux-gnu/libnss_files-2.30.so
7f6399047000-7f639904e000 r-xp 00003000 08:02 3410760                    /usr/lib/x86_64-linux-gnu/libnss_files-2.30.so
7f639904e000-7f6399050000 r--p 0000a000 08:02 3410760                    /usr/lib/x86_64-linux-gnu/libnss_files-2.30.so
7f6399050000-7f6399051000 r--p 0000b000 08:02 3410760                    /usr/lib/x86_64-linux-gnu/libnss_files-2.30.so
7f6399051000-7f6399052000 rw-p 0000c000 08:02 3410760                    /usr/lib/x86_64-linux-gnu/libnss_files-2.30.so
7f6399052000-7f6399058000 rw-p 00000000 00:00 0 
7f6399058000-7f639905f000 r--s 00000000 08:02 4072171                    /usr/lib/x86_64-linux-gnu/gconv/gconv-modules.cache
7f639905f000-7f6399061000 r--p 00000000 08:02 3670402                    /usr/lib/jvm/java-11-openjdk-amd64/lib/libzip.so
7f6399061000-7f6399065000 r-xp 00002000 08:02 3670402                    /usr/lib/jvm/java-11-openjdk-amd64/lib/libzip.so
7f6399065000-7f6399067000 r--p 00006000 08:02 3670402                    /usr/lib/jvm/java-11-openjdk-amd64/lib/libzip.so
7f6399067000-7f6399068000 r--p 00007000 08:02 3670402                    /usr/lib/jvm/java-11-openjdk-amd64/lib/libzip.so
7f6399068000-7f6399069000 rw-p 00008000 08:02 3670402                    /usr/lib/jvm/java-11-openjdk-amd64/lib/libzip.so
7f6399069000-7f6399071000 rw-s 00000000 08:02 5124108                    /tmp/hsperfdata_myduyen/17870
7f6399071000-7f6399073000 r--p 00000000 08:02 3670376                    /usr/lib/jvm/java-11-openjdk-amd64/lib/libinstrument.so
7f6399073000-7f6399079000 r-xp 00002000 08:02 3670376                    /usr/lib/jvm/java-11-openjdk-amd64/lib/libinstrument.so
7f6399079000-7f639907c000 r--p 00008000 08:02 3670376                    /usr/lib/jvm/java-11-openjdk-amd64/lib/libinstrument.so
7f639907c000-7f639907d000 r--p 0000a000 08:02 3670376                    /usr/lib/jvm/java-11-openjdk-amd64/lib/libinstrument.so
7f639907d000-7f639907e000 rw-p 0000b000 08:02 3670376                    /usr/lib/jvm/java-11-openjdk-amd64/lib/libinstrument.so
7f639907e000-7f6399080000 r--p 00000000 08:02 3670384                    /usr/lib/jvm/java-11-openjdk-amd64/lib/libjdwp.so
7f6399080000-7f63990ac000 r-xp 00002000 08:02 3670384                    /usr/lib/jvm/java-11-openjdk-amd64/lib/libjdwp.so
7f63990ac000-7f63990ba000 r--p 0002e000 08:02 3670384                    /usr/lib/jvm/java-11-openjdk-amd64/lib/libjdwp.so
7f63990ba000-7f63990bb000 r--p 0003b000 08:02 3670384                    /usr/lib/jvm/java-11-openjdk-amd64/lib/libjdwp.so
7f63990bb000-7f63990bc000 rw-p 0003c000 08:02 3670384                    /usr/lib/jvm/java-11-openjdk-amd64/lib/libjdwp.so
7f63990bc000-7f63990ca000 r--p 00000000 08:02 3670381                    /usr/lib/jvm/java-11-openjdk-amd64/lib/libjava.so
7f63990ca000-7f63990e0000 r-xp 0000e000 08:02 3670381                    /usr/lib/jvm/java-11-openjdk-amd64/lib/libjava.so
7f63990e0000-7f63990e7000 r--p 00024000 08:02 3670381                    /usr/lib/jvm/java-11-openjdk-amd64/lib/libjava.so
7f63990e7000-7f63990e8000 r--p 0002a000 08:02 3670381                    /usr/lib/jvm/java-11-openjdk-amd64/lib/libjava.so
7f63990e8000-7f63990ea000 rw-p 0002b000 08:02 3670381                    /usr/lib/jvm/java-11-openjdk-amd64/lib/libjava.so
7f63990ea000-7f63990ed000 r--p 00000000 08:02 3410767                    /usr/lib/x86_64-linux-gnu/librt-2.30.so
7f63990ed000-7f63990f1000 r-xp 00003000 08:02 3410767                    /usr/lib/x86_64-linux-gnu/librt-2.30.so
7f63990f1000-7f63990f3000 r--p 00007000 08:02 3410767                    /usr/lib/x86_64-linux-gnu/librt-2.30.so
7f63990f3000-7f63990f4000 r--p 00008000 08:02 3410767                    /usr/lib/x86_64-linux-gnu/librt-2.30.so
7f63990f4000-7f63990f5000 rw-p 00009000 08:02 3410767                    /usr/lib/x86_64-linux-gnu/librt-2.30.so
7f63990f5000-7f63990f9000 ---p 00000000 00:00 0 
7f63990f9000-7f63991f6000 rw-p 00000000 00:00 0 
7f63991f6000-7f63991f9000 r--p 00000000 08:02 3416145                    /usr/lib/x86_64-linux-gnu/libgcc_s.so.1
7f63991f9000-7f639920a000 r-xp 00003000 08:02 3416145                    /usr/lib/x86_64-linux-gnu/libgcc_s.so.1
7f639920a000-7f639920e000 r--p 00014000 08:02 3416145                    /usr/lib/x86_64-linux-gnu/libgcc_s.so.1
7f639920e000-7f639920f000 r--p 00017000 08:02 3416145                    /usr/lib/x86_64-linux-gnu/libgcc_s.so.1
7f639920f000-7f6399210000 rw-p 00018000 08:02 3416145                    /usr/lib/x86_64-linux-gnu/libgcc_s.so.1
7f6399210000-7f639921f000 r--p 00000000 08:02 3410754                    /usr/lib/x86_64-linux-gnu/libm-2.30.so
7f639921f000-7f63992c6000 r-xp 0000f000 08:02 3410754                    /usr/lib/x86_64-linux-gnu/libm-2.30.so
7f63992c6000-7f639935d000 r--p 000b6000 08:02 3410754                    /usr/lib/x86_64-linux-gnu/libm-2.30.so
7f639935d000-7f639935e000 r--p 0014c000 08:02 3410754                    /usr/lib/x86_64-linux-gnu/libm-2.30.so
7f639935e000-7f639935f000 rw-p 0014d000 08:02 3410754                    /usr/lib/x86_64-linux-gnu/libm-2.30.so
7f639935f000-7f63993f5000 r--p 00000000 08:02 3416949                    /usr/lib/x86_64-linux-gnu/libstdc++.so.6.0.28
7f63993f5000-7f63994f2000 r-xp 00096000 08:02 3416949                    /usr/lib/x86_64-linux-gnu/libstdc++.so.6.0.28
7f63994f2000-7f639953c000 r--p 00193000 08:02 3416949                    /usr/lib/x86_64-linux-gnu/libstdc++.so.6.0.28
7f639953c000-7f6399547000 r--p 001dc000 08:02 3416949                    /usr/lib/x86_64-linux-gnu/libstdc++.so.6.0.28
7f6399547000-7f639954a000 rw-p 001e7000 08:02 3416949                    /usr/lib/x86_64-linux-gnu/libstdc++.so.6.0.28
7f639954a000-7f639954d000 rw-p 00000000 00:00 0 
7f639954d000-7f63997ba000 r--p 00000000 08:02 3670406                    /usr/lib/jvm/java-11-openjdk-amd64/lib/server/libjvm.so
7f63997ba000-7f639a34d000 r-xp 0026d000 08:02 3670406                    /usr/lib/jvm/java-11-openjdk-amd64/lib/server/libjvm.so
7f639a34d000-7f639a583000 r--p 00e00000 08:02 3670406                    /usr/lib/jvm/java-11-openjdk-amd64/lib/server/libjvm.so
7f639a583000-7f639a584000 ---p 01036000 08:02 3670406                    /usr/lib/jvm/java-11-openjdk-amd64/lib/server/libjvm.so
7f639a584000-7f639a641000 r--p 01036000 08:02 3670406                    /usr/lib/jvm/java-11-openjdk-amd64/lib/server/libjvm.so
7f639a641000-7f639a67b000 rw-p 010f3000 08:02 3670406                    /usr/lib/jvm/java-11-openjdk-amd64/lib/server/libjvm.so
7f639a67b000-7f639a6d3000 rw-p 00000000 00:00 0 
7f639a6d3000-7f639a6da000 r--p 00000000 08:02 3410765                    /usr/lib/x86_64-linux-gnu/libpthread-2.30.so
7f639a6da000-7f639a6eb000 r-xp 00007000 08:02 3410765                    /usr/lib/x86_64-linux-gnu/libpthread-2.30.so
7f639a6eb000-7f639a6f0000 r--p 00018000 08:02 3410765                    /usr/lib/x86_64-linux-gnu/libpthread-2.30.so
7f639a6f0000-7f639a6f1000 r--p 0001c000 08:02 3410765                    /usr/lib/x86_64-linux-gnu/libpthread-2.30.so
7f639a6f1000-7f639a6f2000 rw-p 0001d000 08:02 3410765                    /usr/lib/x86_64-linux-gnu/libpthread-2.30.so
7f639a6f2000-7f639a6f6000 rw-p 00000000 00:00 0 
7f639a6f6000-7f639a6f7000 r--p 00000000 08:02 3410753                    /usr/lib/x86_64-linux-gnu/libdl-2.30.so
7f639a6f7000-7f639a6f9000 r-xp 00001000 08:02 3410753                    /usr/lib/x86_64-linux-gnu/libdl-2.30.so
7f639a6f9000-7f639a6fa000 r--p 00003000 08:02 3410753                    /usr/lib/x86_64-linux-gnu/libdl-2.30.so
7f639a6fa000-7f639a6fb000 r--p 00003000 08:02 3410753                    /usr/lib/x86_64-linux-gnu/libdl-2.30.so
7f639a6fb000-7f639a6fc000 rw-p 00004000 08:02 3410753                    /usr/lib/x86_64-linux-gnu/libdl-2.30.so
7f639a6fc000-7f639a6fe000 r--p 00000000 08:02 3417201                    /usr/lib/x86_64-linux-gnu/libz.so.1.2.11
7f639a6fe000-7f639a70f000 r-xp 00002000 08:02 3417201                    /usr/lib/x86_64-linux-gnu/libz.so.1.2.11
7f639a70f000-7f639a715000 r--p 00013000 08:02 3417201                    /usr/lib/x86_64-linux-gnu/libz.so.1.2.11
7f639a715000-7f639a716000 ---p 00019000 08:02 3417201                    /usr/lib/x86_64-linux-gnu/libz.so.1.2.11
7f639a716000-7f639a717000 r--p 00019000 08:02 3417201                    /usr/lib/x86_64-linux-gnu/libz.so.1.2.11
7f639a717000-7f639a718000 rw-p 0001a000 08:02 3417201                    /usr/lib/x86_64-linux-gnu/libz.so.1.2.11
7f639a718000-7f639a73d000 r--p 00000000 08:02 3410751                    /usr/lib/x86_64-linux-gnu/libc-2.30.so
7f639a73d000-7f639a8b5000 r-xp 00025000 08:02 3410751                    /usr/lib/x86_64-linux-gnu/libc-2.30.so
7f639a8b5000-7f639a8ff000 r--p 0019d000 08:02 3410751                    /usr/lib/x86_64-linux-gnu/libc-2.30.so
7f639a8ff000-7f639a902000 r--p 001e6000 08:02 3410751                    /usr/lib/x86_64-linux-gnu/libc-2.30.so
7f639a902000-7f639a905000 rw-p 001e9000 08:02 3410751                    /usr/lib/x86_64-linux-gnu/libc-2.30.so
7f639a905000-7f639a909000 rw-p 00000000 00:00 0 
7f639a90c000-7f639a90e000 r--s 0000c000 08:02 4198587                    /usr/share/java/java-atk-wrapper.jar
7f639a90e000-7f639a90f000 ---p 00000000 00:00 0 
7f639a90f000-7f639a910000 r--p 00000000 00:00 0 
7f639a910000-7f639a915000 r--p 00000000 08:02 3670401                    /usr/lib/jvm/java-11-openjdk-amd64/lib/libverify.so
7f639a915000-7f639a91c000 r-xp 00005000 08:02 3670401                    /usr/lib/jvm/java-11-openjdk-amd64/lib/libverify.so
7f639a91c000-7f639a91e000 r--p 0000c000 08:02 3670401                    /usr/lib/jvm/java-11-openjdk-amd64/lib/libverify.so
7f639a91e000-7f639a91f000 ---p 0000e000 08:02 3670401                    /usr/lib/jvm/java-11-openjdk-amd64/lib/libverify.so
7f639a91f000-7f639a921000 r--p 0000e000 08:02 3670401                    /usr/lib/jvm/java-11-openjdk-amd64/lib/libverify.so
7f639a921000-7f639a922000 rw-p 00010000 08:02 3670401                    /usr/lib/jvm/java-11-openjdk-amd64/lib/libverify.so
7f639a922000-7f639a925000 r--p 00000000 08:02 3670365                    /usr/lib/jvm/java-11-openjdk-amd64/lib/jli/libjli.so
7f639a925000-7f639a92f000 r-xp 00003000 08:02 3670365                    /usr/lib/jvm/java-11-openjdk-amd64/lib/jli/libjli.so
7f639a92f000-7f639a932000 r--p 0000d000 08:02 3670365                    /usr/lib/jvm/java-11-openjdk-amd64/lib/jli/libjli.so
7f639a932000-7f639a933000 r--p 0000f000 08:02 3670365                    /usr/lib/jvm/java-11-openjdk-amd64/lib/jli/libjli.so
7f639a933000-7f639a934000 rw-p 00010000 08:02 3670365                    /usr/lib/jvm/java-11-openjdk-amd64/lib/jli/libjli.so
7f639a934000-7f639a936000 rw-p 00000000 00:00 0 
7f639a936000-7f639a937000 r--p 00000000 08:02 3410747                    /usr/lib/x86_64-linux-gnu/ld-2.30.so
7f639a937000-7f639a959000 r-xp 00001000 08:02 3410747                    /usr/lib/x86_64-linux-gnu/ld-2.30.so
7f639a959000-7f639a961000 r--p 00023000 08:02 3410747                    /usr/lib/x86_64-linux-gnu/ld-2.30.so
7f639a962000-7f639a963000 r--p 0002b000 08:02 3410747                    /usr/lib/x86_64-linux-gnu/ld-2.30.so
7f639a963000-7f639a964000 rw-p 0002c000 08:02 3410747                    /usr/lib/x86_64-linux-gnu/ld-2.30.so
7f639a964000-7f639a965000 rw-p 00000000 00:00 0 
7ffd45c61000-7ffd45c82000 rw-p 00000000 00:00 0                          [stack]
7ffd45d04000-7ffd45d07000 r--p 00000000 00:00 0                          [vvar]
7ffd45d07000-7ffd45d08000 r-xp 00000000 00:00 0                          [vdso]
ffffffffff600000-ffffffffff601000 --xp 00000000 00:00 0                  [vsyscall]


VM Arguments:
jvm_args: -agentlib:jdwp=transport=dt_socket,suspend=y,address=localhost:41463 -javaagent:/home/myduyen/.eclipse/360744286_linux_gtk_x86_64/configuration/org.eclipse.osgi/222/0/.cp/lib/javaagent-shaded.jar -Dfile.encoding=UTF-8 
java_command: myduyen.Download.HTTPRequest
java_class_path (initial): /home/myduyen/Documents/HK2/DataWareHouse/Download/target/classes:/home/myduyen/.m2/repository/org/apache/httpcomponents/httpclient/4.5.2/httpclient-4.5.2.jar:/home/myduyen/.m2/repository/org/apache/httpcomponents/httpcore/4.4.4/httpcore-4.4.4.jar:/home/myduyen/.m2/repository/commons-logging/commons-logging/1.2/commons-logging-1.2.jar:/home/myduyen/.m2/repository/commons-codec/commons-codec/1.9/commons-codec-1.9.jar
Launcher Type: SUN_STANDARD

[Global flags]
     intx CICompilerCount                          = 4                                         {product} {ergonomic}
     uint ConcGCThreads                            = 2                                         {product} {ergonomic}
     uint G1ConcRefinementThreads                  = 8                                         {product} {ergonomic}
   size_t G1HeapRegionSize                         = 1048576                                   {product} {ergonomic}
    uintx GCDrainStackTargetSize                   = 64                                        {product} {ergonomic}
   size_t InitialHeapSize                          = 130023424                                 {product} {ergonomic}
   size_t MarkStackSize                            = 4194304                                   {product} {ergonomic}
   size_t MaxHeapSize                              = 2057306112                                {product} {ergonomic}
   size_t MaxNewSize                               = 1234173952                                {product} {ergonomic}
   size_t MinHeapDeltaBytes                        = 1048576                                   {product} {ergonomic}
    uintx NonNMethodCodeHeapSize                   = 5836300                                {pd product} {ergonomic}
    uintx NonProfiledCodeHeapSize                  = 122910970                              {pd product} {ergonomic}
    uintx ProfiledCodeHeapSize                     = 122910970                              {pd product} {ergonomic}
    uintx ReservedCodeCacheSize                    = 251658240                              {pd product} {ergonomic}
     bool SegmentedCodeCache                       = true                                      {product} {ergonomic}
     bool UseCompressedClassPointers               = true                                 {lp64_product} {ergonomic}
     bool UseCompressedOops                        = true                                 {lp64_product} {ergonomic}
     bool UseG1GC                                  = true                                      {product} {ergonomic}

Logging:
Log output configuration:
 #0: stdout all=warning uptime,level,tags
 #1: stderr all=off uptime,level,tags

Environment Variables:
PATH=/home/myduyen/.local/bin:/usr/local/sbin:/usr/local/bin:/usr/sbin:/usr/bin:/sbin:/bin:/usr/games:/usr/local/games:/snap/bin
USERNAME=myduyen
SHELL=/bin/bash
DISPLAY=:0

Signal Handlers:
SIGSEGV: [libjvm.so+0xd8d310], sa_mask[0]=11111111011111111101111111111110, sa_flags=SA_RESTART|SA_SIGINFO
SIGBUS: [libjvm.so+0xd8d310], sa_mask[0]=11111111011111111101111111111110, sa_flags=SA_RESTART|SA_SIGINFO
SIGFPE: [libjvm.so+0xd8d310], sa_mask[0]=11111111011111111101111111111110, sa_flags=SA_RESTART|SA_SIGINFO
SIGPIPE: [libjvm.so+0xb85dd0], sa_mask[0]=11111111011111111101111111111110, sa_flags=SA_RESTART|SA_SIGINFO
SIGXFSZ: [libjvm.so+0xb85dd0], sa_mask[0]=11111111011111111101111111111110, sa_flags=SA_RESTART|SA_SIGINFO
SIGILL: [libjvm.so+0xd8d310], sa_mask[0]=11111111011111111101111111111110, sa_flags=SA_RESTART|SA_SIGINFO
SIGUSR2: [libjvm.so+0xb85c70], sa_mask[0]=00100000000000000000000000000000, sa_flags=SA_RESTART|SA_SIGINFO
SIGHUP: [libjvm.so+0xb86110], sa_mask[0]=11111111011111111101111111111110, sa_flags=SA_RESTART|SA_SIGINFO
SIGINT: [libjvm.so+0xb86110], sa_mask[0]=11111111011111111101111111111110, sa_flags=SA_RESTART|SA_SIGINFO
SIGTERM: [libjvm.so+0xb86110], sa_mask[0]=11111111011111111101111111111110, sa_flags=SA_RESTART|SA_SIGINFO
SIGQUIT: [libjvm.so+0xb86110], sa_mask[0]=11111111011111111101111111111110, sa_flags=SA_RESTART|SA_SIGINFO


---------------  S Y S T E M  ---------------

OS:DISTRIB_ID=Ubuntu
DISTRIB_RELEASE=19.10
DISTRIB_CODENAME=eoan
DISTRIB_DESCRIPTION="Ubuntu 19.10"
uname:Linux 5.3.0-59-generic #53-Ubuntu SMP Wed Jun 3 15:52:15 UTC 2020 x86_64
OS uptime: 0 days 4:01 hours
libc:glibc 2.30 NPTL 2.30 
rlimit: STACK 8192k, CORE 0k, NPROC 31154, NOFILE 1048576, AS infinity, CPU infinity, DATA infinity, FSIZE infinity
load average:1,64 1,93 1,98

/proc/meminfo:
MemTotal:        8030528 kB
MemFree:          283476 kB
MemAvailable:     962304 kB
Buffers:          109596 kB
Cached:          1238532 kB
SwapCached:        44772 kB
Active:          5414640 kB
Inactive:        1799216 kB
Active(anon):    4907320 kB
Inactive(anon):  1470212 kB
Active(file):     507320 kB
Inactive(file):   329004 kB
Unevictable:       34000 kB
Mlocked:             144 kB
SwapTotal:       2097148 kB
SwapFree:        1819900 kB
Dirty:              1100 kB
Writeback:             0 kB
AnonPages:       5855096 kB
Mapped:           812716 kB
Shmem:            514004 kB
KReclaimable:     127624 kB
Slab:             301816 kB
SReclaimable:     127624 kB
SUnreclaim:       174192 kB
KernelStack:       27712 kB
PageTables:        64712 kB
NFS_Unstable:          0 kB
Bounce:                0 kB
WritebackTmp:          0 kB
CommitLimit:     6112412 kB
Committed_AS:   18140252 kB
VmallocTotal:   34359738367 kB
VmallocUsed:       42432 kB
VmallocChunk:          0 kB
Percpu:             6240 kB
HardwareCorrupted:     0 kB
AnonHugePages:         0 kB
ShmemHugePages:        0 kB
ShmemPmdMapped:        0 kB
CmaTotal:              0 kB
CmaFree:               0 kB
HugePages_Total:       0
HugePages_Free:        0
HugePages_Rsvd:        0
HugePages_Surp:        0
Hugepagesize:       2048 kB
Hugetlb:               0 kB
DirectMap4k:      394752 kB
DirectMap2M:     7872512 kB
DirectMap1G:           0 kB


/proc/sys/kernel/threads-max (system-wide limit on the number of threads):
62308


/proc/sys/vm/max_map_count (maximum number of memory map areas a process may have):
65530


/proc/sys/kernel/pid_max (system-wide limit on number of process identifiers):
32768



container (cgroup) information:
container_type: cgroupv1
cpu_cpuset_cpus: 0-7
cpu_memory_nodes: 0
active_processor_count: 8
cpu_quota: -1
cpu_period: 100000
cpu_shares: -1
memory_limit_in_bytes: -1
memory_and_swap_limit_in_bytes: -2
memory_soft_limit_in_bytes: -1
memory_usage_in_bytes: 6040686592
memory_max_usage_in_bytes: 6285991936

Steal ticks since vm start: 0
Steal ticks percentage since vm start:  0,000

CPU:total 8 (initial active 8) (4 cores per cpu, 2 threads per core) family 6 model 60 stepping 3, cmov, cx8, fxsr, mmx, sse, sse2, sse3, ssse3, sse4.1, sse4.2, popcnt, avx, avx2, aes, clmul, erms, lzcnt, ht, tsc, tscinvbit, bmi1, bmi2, fma
CPU Model and flags from /proc/cpuinfo:
model name	: Intel(R) Core(TM) i7-4702HQ CPU @ 2.20GHz
flags		: fpu vme de pse tsc msr pae mce cx8 apic sep mtrr pge mca cmov pat pse36 clflush dts acpi mmx fxsr sse sse2 ss ht tm pbe syscall nx pdpe1gb rdtscp lm constant_tsc arch_perfmon pebs bts rep_good nopl xtopology nonstop_tsc cpuid aperfmperf pni pclmulqdq dtes64 monitor ds_cpl vmx est tm2 ssse3 sdbg fma cx16 xtpr pdcm pcid sse4_1 sse4_2 x2apic movbe popcnt tsc_deadline_timer aes xsave avx f16c rdrand lahf_lm abm cpuid_fault epb invpcid_single pti ssbd ibrs ibpb stibp tpr_shadow vnmi flexpriority ept vpid ept_ad fsgsbase tsc_adjust bmi1 avx2 smep bmi2 erms invpcid xsaveopt dtherm ida arat pln pts md_clear flush_l1d

Memory: 4k page, physical 8030528k(283476k free), swap 2097148k(1819900k free)

vm_info: OpenJDK 64-Bit Server VM (11.0.7+10-post-Ubuntu-2ubuntu219.10) for linux-amd64 JRE (11.0.7+10-post-Ubuntu-2ubuntu219.10), built on Apr 15 2020 21:12:54 by "unknown" with gcc 9.2.1 20191008

END.
